This is pdfTeX, Version 3.141592653-2.6-1.40.25 (MiKTeX 23.4) (preloaded format=pdflatex 2023.7.12)  17 JUL 2023 02:56
entering extended mode
 restricted \write18 enabled.
 %&-line parsing enabled.
**./SteelSeg.tex
(SteelSeg.tex
LaTeX2e <2022-11-01> patch level 1
L3 programming layer <2023-03-30>
(C:\Users\blueb\AppData\Local\Programs\MiKTeX\tex/latex/base\article.cls
Document Class: article 2022/07/02 v1.4n Standard LaTeX document class
(C:\Users\blueb\AppData\Local\Programs\MiKTeX\tex/latex/base\size10.clo
File: size10.clo 2022/07/02 v1.4n Standard LaTeX file (size option)
)
\c@part=\count185
\c@section=\count186
\c@subsection=\count187
\c@subsubsection=\count188
\c@paragraph=\count189
\c@subparagraph=\count190
\c@figure=\count191
\c@table=\count192
\abovecaptionskip=\skip48
\belowcaptionskip=\skip49
\bibindent=\dimen140
)
(C:\Users\blueb\AppData\Local\Programs\MiKTeX\tex/latex/graphics\graphicx.sty
Package: graphicx 2021/09/16 v1.2d Enhanced LaTeX Graphics (DPC,SPQR)

(C:\Users\blueb\AppData\Local\Programs\MiKTeX\tex/latex/graphics\keyval.sty
Package: keyval 2022/05/29 v1.15 key=value parser (DPC)
\KV@toks@=\toks16
)
(C:\Users\blueb\AppData\Local\Programs\MiKTeX\tex/latex/graphics\graphics.sty
Package: graphics 2022/03/10 v1.4e Standard LaTeX Graphics (DPC,SPQR)

(C:\Users\blueb\AppData\Local\Programs\MiKTeX\tex/latex/graphics\trig.sty
Package: trig 2021/08/11 v1.11 sin cos tan (DPC)
)
(C:\Users\blueb\AppData\Local\Programs\MiKTeX\tex/latex/graphics-cfg\graphics.c
fg
File: graphics.cfg 2016/06/04 v1.11 sample graphics configuration
)
Package graphics Info: Driver file: pdftex.def on input line 107.

(C:\Users\blueb\AppData\Local\Programs\MiKTeX\tex/latex/graphics-def\pdftex.def
File: pdftex.def 2022/09/22 v1.2b Graphics/color driver for pdftex
))
\Gin@req@height=\dimen141
\Gin@req@width=\dimen142
)
(C:\Users\blueb\AppData\Local\Programs\MiKTeX\tex/latex/caption\subcaption.sty
Package: subcaption 2023/02/19 v1.6 Sub-captions (AR)

(C:\Users\blueb\AppData\Local\Programs\MiKTeX\tex/latex/caption\caption.sty
Package: caption 2023/03/12 v3.6j Customizing captions (AR)

(C:\Users\blueb\AppData\Local\Programs\MiKTeX\tex/latex/caption\caption3.sty
Package: caption3 2023/03/12 v2.4 caption3 kernel (AR)
\caption@tempdima=\dimen143
\captionmargin=\dimen144
\caption@leftmargin=\dimen145
\caption@rightmargin=\dimen146
\caption@width=\dimen147
\caption@indent=\dimen148
\caption@parindent=\dimen149
\caption@hangindent=\dimen150
Package caption Info: Standard document class detected.
)
\c@caption@flags=\count193
\c@continuedfloat=\count194
)
Package caption Info: New subtype `subfigure' on input line 239.
\c@subfigure=\count195
Package caption Info: New subtype `subtable' on input line 239.
\c@subtable=\count196
) (C:\Users\blueb\AppData\Local\Programs\MiKTeX\tex/latex/xcolor\xcolor.sty
Package: xcolor 2022/06/12 v2.14 LaTeX color extensions (UK)

(C:\Users\blueb\AppData\Local\Programs\MiKTeX\tex/latex/graphics-cfg\color.cfg
File: color.cfg 2016/01/02 v1.6 sample color configuration
)
Package xcolor Info: Driver file: pdftex.def on input line 227.
(C:\Users\blueb\AppData\Local\Programs\MiKTeX\tex/latex/colortbl\colortbl.sty
Package: colortbl 2022/06/20 v1.0f Color table columns (DPC)

(C:\Users\blueb\AppData\Local\Programs\MiKTeX\tex/latex/tools\array.sty
Package: array 2022/09/04 v2.5g Tabular extension package (FMi)
\col@sep=\dimen151
\ar@mcellbox=\box51
\extrarowheight=\dimen152
\NC@list=\toks17
\extratabsurround=\skip50
\backup@length=\skip51
\ar@cellbox=\box52
)
\everycr=\toks18
\minrowclearance=\skip52
\rownum=\count197
)
(C:\Users\blueb\AppData\Local\Programs\MiKTeX\tex/latex/graphics\mathcolor.ltx)
Package xcolor Info: Model `cmy' substituted by `cmy0' on input line 1353.
Package xcolor Info: Model `hsb' substituted by `rgb' on input line 1357.
Package xcolor Info: Model `RGB' extended on input line 1369.
Package xcolor Info: Model `HTML' substituted by `rgb' on input line 1371.
Package xcolor Info: Model `Hsb' substituted by `hsb' on input line 1372.
Package xcolor Info: Model `tHsb' substituted by `hsb' on input line 1373.
Package xcolor Info: Model `HSB' substituted by `hsb' on input line 1374.
Package xcolor Info: Model `Gray' substituted by `gray' on input line 1375.
Package xcolor Info: Model `wave' substituted by `hsb' on input line 1376.
)
(C:\Users\blueb\AppData\Local\Programs\MiKTeX\tex/latex/l3backend\l3backend-pdf
tex.def
File: l3backend-pdftex.def 2023-03-30 L3 backend support: PDF output (pdfTeX)
\l__color_backend_stack_int=\count198
\l__pdf_internal_box=\box53
) (SteelSeg.aux

LaTeX Warning: Label `fig:combined' multiply defined.

)
\openout1 = `SteelSeg.aux'.

LaTeX Font Info:    Checking defaults for OML/cmm/m/it on input line 11.
LaTeX Font Info:    ... okay on input line 11.
LaTeX Font Info:    Checking defaults for OMS/cmsy/m/n on input line 11.
LaTeX Font Info:    ... okay on input line 11.
LaTeX Font Info:    Checking defaults for OT1/cmr/m/n on input line 11.
LaTeX Font Info:    ... okay on input line 11.
LaTeX Font Info:    Checking defaults for T1/cmr/m/n on input line 11.
LaTeX Font Info:    ... okay on input line 11.
LaTeX Font Info:    Checking defaults for TS1/cmr/m/n on input line 11.
LaTeX Font Info:    ... okay on input line 11.
LaTeX Font Info:    Checking defaults for OMX/cmex/m/n on input line 11.
LaTeX Font Info:    ... okay on input line 11.
LaTeX Font Info:    Checking defaults for U/cmr/m/n on input line 11.
LaTeX Font Info:    ... okay on input line 11.

(C:\Users\blueb\AppData\Local\Programs\MiKTeX\tex/context/base/mkii\supp-pdf.mk
ii
[Loading MPS to PDF converter (version 2006.09.02).]
\scratchcounter=\count199
\scratchdimen=\dimen153
\scratchbox=\box54
\nofMPsegments=\count266
\nofMParguments=\count267
\everyMPshowfont=\toks19
\MPscratchCnt=\count268
\MPscratchDim=\dimen154
\MPnumerator=\count269
\makeMPintoPDFobject=\count270
\everyMPtoPDFconversion=\toks20
)
(C:\Users\blueb\AppData\Local\Programs\MiKTeX\tex/latex/epstopdf-pkg\epstopdf-b
ase.sty
Package: epstopdf-base 2020-01-24 v2.11 Base part for package epstopdf
Package epstopdf-base Info: Redefining graphics rule for `.eps' on input line 4
85.

(C:\Users\blueb\AppData\Local\Programs\MiKTeX\tex/latex/00miktex\epstopdf-sys.c
fg
File: epstopdf-sys.cfg 2021/03/18 v2.0 Configuration of epstopdf for MiKTeX
))
Package caption Info: Begin \AtBeginDocument code.
Package caption Info: End \AtBeginDocument code.
LaTeX Font Info:    External font `cmex10' loaded for size
(Font)              <12> on input line 13.
LaTeX Font Info:    External font `cmex10' loaded for size
(Font)              <8> on input line 13.
LaTeX Font Info:    External font `cmex10' loaded for size
(Font)              <6> on input line 13.
 [1

{C:/Users/blueb/AppData/Local/MiKTeX/fonts/map/pdftex/pdftex.map}]
[2] [3] [4] [5]
<images/1.png, id=23, 442.68709pt x 437.3535pt>
File: images/1.png Graphic file (type png)
<use images/1.png>
Package pdftex.def Info: images/1.png  used on input line 88.
(pdftex.def)             Requested size: 155.24895pt x 153.383pt.
<images/1_label.png, id=25, 1249.66875pt x 1234.6125pt>
File: images/1_label.png Graphic file (type png)
<use images/1_label.png>
Package pdftex.def Info: images/1_label.png  used on input line 95.
(pdftex.def)             Requested size: 155.24895pt x 153.3654pt.
 [6 <./images/1.png> <./images/1_label.png>]
<images/x3000/1.png, id=32, 963.6pt x 722.7pt>
File: images/x3000/1.png Graphic file (type png)
<use images/x3000/1.png>
Package pdftex.def Info: images/x3000/1.png  used on input line 114.
(pdftex.def)             Requested size: 68.99895pt x 51.74103pt.
<images/x3000/1_label.png, id=33, 963.6pt x 722.7pt>
File: images/x3000/1_label.png Graphic file (type png)
<use images/x3000/1_label.png>
Package pdftex.def Info: images/x3000/1_label.png  used on input line 120.
(pdftex.def)             Requested size: 68.99895pt x 51.74103pt.
<images/x5000/1.png, id=34, 963.6pt x 722.7pt>
File: images/x5000/1.png Graphic file (type png)
<use images/x5000/1.png>
Package pdftex.def Info: images/x5000/1.png  used on input line 127.
(pdftex.def)             Requested size: 68.99895pt x 51.74103pt.
<images/x5000/1_label.png, id=35, 963.6pt x 722.7pt>
File: images/x5000/1_label.png Graphic file (type png)
<use images/x5000/1_label.png>
Package pdftex.def Info: images/x5000/1_label.png  used on input line 133.
(pdftex.def)             Requested size: 68.99895pt x 51.74103pt.
<images/A-type/1.png, id=36, 963.6pt x 722.7pt>
File: images/A-type/1.png Graphic file (type png)
<use images/A-type/1.png>
Package pdftex.def Info: images/A-type/1.png  used on input line 140.
(pdftex.def)             Requested size: 68.99895pt x 51.74103pt.
<images/A-type/1_label.png, id=37, 963.6pt x 722.7pt>
File: images/A-type/1_label.png Graphic file (type png)
<use images/A-type/1_label.png>
Package pdftex.def Info: images/A-type/1_label.png  used on input line 146.
(pdftex.def)             Requested size: 68.99895pt x 51.74103pt.
<images/D3-type/1.png, id=38, 963.6pt x 722.7pt>
File: images/D3-type/1.png Graphic file (type png)
<use images/D3-type/1.png>
Package pdftex.def Info: images/D3-type/1.png  used on input line 153.
(pdftex.def)             Requested size: 68.99895pt x 51.74103pt.
<images/D3-type/1_label.png, id=39, 963.6pt x 722.7pt>
File: images/D3-type/1_label.png Graphic file (type png)
<use images/D3-type/1_label.png>
Package pdftex.def Info: images/D3-type/1_label.png  used on input line 159.
(pdftex.def)             Requested size: 68.99895pt x 51.74103pt.
<images/H2-type/1.png, id=40, 963.6pt x 722.7pt>
File: images/H2-type/1.png Graphic file (type png)
<use images/H2-type/1.png>
Package pdftex.def Info: images/H2-type/1.png  used on input line 166.
(pdftex.def)             Requested size: 68.99895pt x 51.74103pt.
<images/H2-type/1_label.png, id=41, 963.6pt x 722.7pt>
File: images/H2-type/1_label.png Graphic file (type png)
<use images/H2-type/1_label.png>
Package pdftex.def Info: images/H2-type/1_label.png  used on input line 172.
(pdftex.def)             Requested size: 68.99895pt x 51.74103pt.
 [7 <./images/x3000/1.png> <./images/x3000/1_label.png> <./images/x5000/1.png> 
<./images/x5000/1_label.png> <./images/A-type/1.png> <./images/A-type/1_label.p
ng> <./images/D3-type/1.png> <./images/D3-type/1_label.png> <./images/H2-type/1
.png> <./images/H2-type/1_label.png>]
<images/Unet.png, id=56, 273.6405pt x 312.732pt>
File: images/Unet.png Graphic file (type png)
<use images/Unet.png>
Package pdftex.def Info: images/Unet.png  used on input line 196.
(pdftex.def)             Requested size: 241.49895pt x 276.01144pt.
 [8 <./images/Unet.png>] [9] [10] [11]
LaTeX Font Info:    External font `cmex10' loaded for size
(Font)              <7> on input line 248.
LaTeX Font Info:    External font `cmex10' loaded for size
(Font)              <5> on input line 248.
 [12]
<images/inference/SameSteelSameMag-O.jpg, id=78, 143.883pt x 142.2405pt>
File: images/inference/SameSteelSameMag-O.jpg Graphic file (type jpg)
<use images/inference/SameSteelSameMag-O.jpg>
Package pdftex.def Info: images/inference/SameSteelSameMag-O.jpg  used on input
 line 292.
(pdftex.def)             Requested size: 103.50105pt x 102.32408pt.
<images/inference/SameSteelSameMag-L.png, id=79, 143.883pt x 142.2405pt>
File: images/inference/SameSteelSameMag-L.png Graphic file (type png)
<use images/inference/SameSteelSameMag-L.png>
Package pdftex.def Info: images/inference/SameSteelSameMag-L.png  used on input
 line 299.
(pdftex.def)             Requested size: 103.50105pt x 102.32408pt.
<images/inference/SameSteelSameMag-P.png, id=80, 141.912pt x 141.912pt>
File: images/inference/SameSteelSameMag-P.png Graphic file (type png)
<use images/inference/SameSteelSameMag-P.png>
Package pdftex.def Info: images/inference/SameSteelSameMag-P.png  used on input
 line 306.
(pdftex.def)             Requested size: 103.50105pt x 103.50394pt.
<images/inference/SameSteelDiffMag-O.jpg, id=81, 152.424pt x 114.318pt>
File: images/inference/SameSteelDiffMag-O.jpg Graphic file (type jpg)
<use images/inference/SameSteelDiffMag-O.jpg>
Package pdftex.def Info: images/inference/SameSteelDiffMag-O.jpg  used on input
 line 341.
(pdftex.def)             Requested size: 103.50105pt x 77.6253pt.
<images/inference/SameSteelDiffMag-L.png, id=82, 152.424pt x 114.318pt>
File: images/inference/SameSteelDiffMag-L.png Graphic file (type png)
<use images/inference/SameSteelDiffMag-L.png>
Package pdftex.def Info: images/inference/SameSteelDiffMag-L.png  used on input
 line 348.
(pdftex.def)             Requested size: 103.50105pt x 77.6253pt.
<images/inference/SameSteelDiffMag-P.png, id=83, 152.424pt x 114.318pt>
File: images/inference/SameSteelDiffMag-P.png Graphic file (type png)
<use images/inference/SameSteelDiffMag-P.png>
Package pdftex.def Info: images/inference/SameSteelDiffMag-P.png  used on input
 line 355.
(pdftex.def)             Requested size: 103.50105pt x 77.6253pt.
<images/inference/SameSteelDiffMag-2-O.jpg, id=84, 152.424pt x 114.318pt>
File: images/inference/SameSteelDiffMag-2-O.jpg Graphic file (type jpg)
<use images/inference/SameSteelDiffMag-2-O.jpg>
Package pdftex.def Info: images/inference/SameSteelDiffMag-2-O.jpg  used on inp
ut line 361.
(pdftex.def)             Requested size: 103.50105pt x 77.6253pt.
<images/inference/SameSteelDiffMag-2-L.png, id=85, 152.424pt x 114.318pt>
File: images/inference/SameSteelDiffMag-2-L.png Graphic file (type png)
<use images/inference/SameSteelDiffMag-2-L.png>
Package pdftex.def Info: images/inference/SameSteelDiffMag-2-L.png  used on inp
ut line 368.
(pdftex.def)             Requested size: 103.50105pt x 77.6253pt.
<images/inference/SameSteelDiffMag-2-P.png, id=86, 152.424pt x 114.318pt>
File: images/inference/SameSteelDiffMag-2-P.png Graphic file (type png)
<use images/inference/SameSteelDiffMag-2-P.png>
Package pdftex.def Info: images/inference/SameSteelDiffMag-2-P.png  used on inp
ut line 375.
(pdftex.def)             Requested size: 103.50105pt x 77.6253pt.
 [13]
Overfull \hbox (40.323pt too wide) in paragraph at lines 387--404
 [][] 
 []


LaTeX Warning: `!h' float specifier changed to `!ht'.

[14 <./images/inference/SameSteelSameMag-O.jpg> <./images/inference/SameSteelSa
meMag-L.png> <./images/inference/SameSteelSameMag-P.png> <./images/inference/Sa
meSteelDiffMag-O.jpg> <./images/inference/SameSteelDiffMag-L.png> <./images/inf
erence/SameSteelDiffMag-P.png> <./images/inference/SameSteelDiffMag-2-O.jpg> <.
/images/inference/SameSteelDiffMag-2-L.png> <./images/inference/SameSteelDiffMa
g-2-P.png>]
<images/inference/A-type-O.jpg, id=94, 145.5255pt x 109.3905pt>
File: images/inference/A-type-O.jpg Graphic file (type jpg)
<use images/inference/A-type-O.jpg>
Package pdftex.def Info: images/inference/A-type-O.jpg  used on input line 417.

(pdftex.def)             Requested size: 103.50105pt x 77.80132pt.
<images/inference/A-type-L.png, id=95, 146.1825pt x 109.719pt>
File: images/inference/A-type-L.png Graphic file (type png)
<use images/inference/A-type-L.png>
Package pdftex.def Info: images/inference/A-type-L.png  used on input line 424.

(pdftex.def)             Requested size: 103.50105pt x 77.68504pt.
<images/inference/A-type-P.png, id=96, 144.8685pt x 108.7335pt>
File: images/inference/A-type-P.png Graphic file (type png)
<use images/inference/A-type-P.png>
Package pdftex.def Info: images/inference/A-type-P.png  used on input line 431.

(pdftex.def)             Requested size: 103.50105pt x 77.68413pt.
<images/inference/H2-type-O.jpg, id=97, 146.511pt x 109.719pt>
File: images/inference/H2-type-O.jpg Graphic file (type jpg)
<use images/inference/H2-type-O.jpg>
Package pdftex.def Info: images/inference/H2-type-O.jpg  used on input line 437
.
(pdftex.def)             Requested size: 103.50105pt x 77.51093pt.
<images/inference/H2-type-L.png, id=98, 146.511pt x 110.0475pt>
File: images/inference/H2-type-L.png Graphic file (type png)
<use images/inference/H2-type-L.png>
Package pdftex.def Info: images/inference/H2-type-L.png  used on input line 444
.
(pdftex.def)             Requested size: 103.50105pt x 77.74301pt.
<images/inference/H2-type-P.png, id=99, 146.1825pt x 109.719pt>
File: images/inference/H2-type-P.png Graphic file (type png)
<use images/inference/H2-type-P.png>
Package pdftex.def Info: images/inference/H2-type-P.png  used on input line 451
.
(pdftex.def)             Requested size: 103.50105pt x 77.68504pt.
<images/inference/D3-type-O.jpg, id=100, 147.168pt x 110.0475pt>
File: images/inference/D3-type-O.jpg Graphic file (type jpg)
<use images/inference/D3-type-O.jpg>
Package pdftex.def Info: images/inference/D3-type-O.jpg  used on input line 457
.
(pdftex.def)             Requested size: 103.50105pt x 77.39542pt.
<images/inference/D3-type-L.png, id=101, 147.168pt x 110.376pt>
File: images/inference/D3-type-L.png Graphic file (type png)
<use images/inference/D3-type-L.png>
Package pdftex.def Info: images/inference/D3-type-L.png  used on input line 464
.
(pdftex.def)             Requested size: 103.50105pt x 77.62645pt.
<images/inference/D3-type-P.png, id=102, 147.825pt x 110.7045pt>
File: images/inference/D3-type-P.png Graphic file (type png)
<use images/inference/D3-type-P.png>
Package pdftex.def Info: images/inference/D3-type-P.png  used on input line 471
.
(pdftex.def)             Requested size: 103.50105pt x 77.51288pt.


LaTeX Warning: `!h' float specifier changed to `!ht'.


Overfull \hbox (128.27873pt too wide) in paragraph at lines 483--500
 [][] 
 []


Overfull \hbox (96.88417pt too wide) in paragraph at lines 510--520
 [][] 
 []

[15]
Overfull \hbox (94.38416pt too wide) in paragraph at lines 528--538
 [][] 
 []

[16 <./images/inference/A-type-O.jpg> <./images/inference/A-type-L.png> <./imag
es/inference/A-type-P.png> <./images/inference/H2-type-O.jpg> <./images/inferen
ce/H2-type-L.png> <./images/inference/H2-type-P.png> <./images/inference/D3-typ
e-O.jpg> <./images/inference/D3-type-L.png> <./images/inference/D3-type-P.png>]

Overfull \hbox (75.24524pt too wide) in paragraph at lines 546--554
 [][] 
 []


Overfull \hbox (126.74536pt too wide) in paragraph at lines 562--570
 [][] 
 []

[17] [18] (SteelSeg.bbl [19]
Underfull \hbox (badness 5970) in paragraph at lines 90--95
[]\OT1/cmr/m/n/10 Geert Lit-jens, Thijs Kooi, Babak Eht-e-shami Be-jnordi, Ar-n
aud
 []


Underfull \hbox (badness 10000) in paragraph at lines 90--95
\OT1/cmr/m/n/10 Arindra Adiyoso Se-tio, Francesco Ciompi, Mohsen Ghafoo-rian,
 []


Underfull \hbox (badness 1540) in paragraph at lines 90--95
\OT1/cmr/m/n/10 Jeroen A.W.M. van der Laak, Bram van Gin-neken, and Clara I.
 []

[20]) [21] (SteelSeg.aux)

LaTeX Warning: There were multiply-defined labels.

 ) 
Here is how much of TeX's memory you used:
 3734 strings out of 476331
 68269 string characters out of 5787765
 1869660 words of memory out of 5000000
 24147 multiletter control sequences out of 15000+600000
 517830 words of font info for 50 fonts, out of 8000000 for 9000
 1141 hyphenation exceptions out of 8191
 67i,9n,77p,2134b,482s stack positions out of 10000i,1000n,20000p,200000b,200000s
 <C:\Users\blueb\AppData\Local\MiKTeX\fonts/pk/ljfour/jknappen/ec/dpi600\tcrm
1000.pk><C:/Users/blueb/AppData/Local/Programs/MiKTeX/fonts/type1/public/amsfon
ts/cm/cmbx10.pfb><C:/Users/blueb/AppData/Local/Programs/MiKTeX/fonts/type1/publ
ic/amsfonts/cm/cmbx12.pfb><C:/Users/blueb/AppData/Local/Programs/MiKTeX/fonts/t
ype1/public/amsfonts/cm/cmbx9.pfb><C:/Users/blueb/AppData/Local/Programs/MiKTeX
/fonts/type1/public/amsfonts/cm/cmex10.pfb><C:/Users/blueb/AppData/Local/Progra
ms/MiKTeX/fonts/type1/public/amsfonts/cm/cmmi10.pfb><C:/Users/blueb/AppData/Loc
al/Programs/MiKTeX/fonts/type1/public/amsfonts/cm/cmmi7.pfb><C:/Users/blueb/App
Data/Local/Programs/MiKTeX/fonts/type1/public/amsfonts/cm/cmr10.pfb><C:/Users/b
lueb/AppData/Local/Programs/MiKTeX/fonts/type1/public/amsfonts/cm/cmr12.pfb><C:
/Users/blueb/AppData/Local/Programs/MiKTeX/fonts/type1/public/amsfonts/cm/cmr17
.pfb><C:/Users/blueb/AppData/Local/Programs/MiKTeX/fonts/type1/public/amsfonts/
cm/cmr9.pfb><C:/Users/blueb/AppData/Local/Programs/MiKTeX/fonts/type1/public/am
sfonts/cm/cmsy10.pfb><C:/Users/blueb/AppData/Local/Programs/MiKTeX/fonts/type1/
public/amsfonts/cm/cmti10.pfb>
Output written on SteelSeg.pdf (21 pages, 10893745 bytes).
PDF statistics:
 180 PDF objects out of 1000 (max. 8388607)
 0 named destinations out of 1000 (max. 500000)
 156 words of extra memory for PDF output out of 10000 (max. 10000000)

